[12:00:27] Logged in as: raise
[12:01:31] Logged in as: raise
[12:21:43] Logged in as: raise
[12:23:10] Logged in as: raise
[12:23:49] Logged in as: raise
[12:23:50] [Bot] connected as ChanServ:290482, joining room cancers
[12:23:50] [DB] Created for cancers
[12:23:50] [DB] Loaded for cancers
[12:23:50] Joins: Fz1guy:290463:descentomadness
[12:23:50] Joins: simpleton:290412:fagolini
[12:23:50] Joins: kjasfdjhasjkhf:290399:fuckyou
[12:23:50] Joins: Son_Goyku:290287:warp
[12:23:50] Joins: CAMERONMORRICK:290218:cameronmorrick
[12:23:50] Joins: I_CAN_I_WILL:289954:stinky
[12:23:50] Joins: UnholyGang_AsleepFHF:289345:faceheightframe6
[12:23:50] Joins: stopfollowingme888:289075:schizo888
[12:23:50] Joins: guest:289062:viccy
[12:23:50] Joins: angora:288645:angora
[12:23:50] Joins: MeKLiN:286052:meklin
[12:23:50] Joins: radomnetwork:285898:cheseman
[12:23:50] Joins: Degeneracy:281775:degeneracy
[12:23:50] Joins: jrod_is_a_jealous_queen:280387:jrod
[12:23:50] Joins: GOGETAN:287813:gogetan
[12:23:50] Joins: globo:278727:globohomo
[12:23:50] Joins: box_muted:275451:roblox
[12:23:50] Joins room owner: Wittmann:270330:cancers
[12:23:50] Joins: npc:290274:perrych
[12:23:50] Joins: wasp_murderer:268267:bongdemon420
[12:23:53] (0.1) kjasfdjhasjkhf: victor was stuck in his algorithm bubble
[12:23:57] (0.1) kjasfdjhasjkhf: lol
[12:24:33] Logged in as: raise
[12:24:33] [Bot] connected as ChanServ:290508, joining room cancers
[12:24:33] [DB] Loaded for cancers
[12:24:34] Joins: Fz1guy:290505:descentomadness
[12:24:34] Joins: simpleton:290412:fagolini
[12:24:34] Joins: kjasfdjhasjkhf:290399:fuckyou
[12:24:34] Joins: Son_Goyku:290287:warp
[12:24:34] Joins: CAMERONMORRICK:290218:cameronmorrick
[12:24:34] Joins: I_CAN_I_WILL:289954:stinky
[12:24:34] Joins: UnholyGang_AsleepFHF:289345:faceheightframe6
[12:24:34] Joins: stopfollowingme888:289075:schizo888
[12:24:34] Joins: guest:289062:viccy
[12:24:34] Joins: angora:288645:angora
[12:24:34] Joins: MeKLiN:286052:meklin
[12:24:34] Joins: radomnetwork:285898:cheseman
[12:24:34] Joins: Degeneracy:281775:degeneracy
[12:24:34] Joins: jrod_is_a_jealous_queen:280387:jrod
[12:24:34] Joins: GOGETAN:287813:gogetan
[12:24:34] Joins: globo:278727:globohomo
[12:24:34] Joins: box_muted:275451:roblox
[12:24:34] Joins room owner: Wittmann:270330:cancers
[12:24:34] Joins: npc:290274:perrych
[12:24:34] Joins: wasp_murderer:268267:bongdemon420
[12:24:38] MeKLiN: !v 
[12:24:41] MeKLiN: !check 
[12:24:49] MeKLiN:286052 stopped broadcasting.
[12:24:51] [User] MeKLiN:290515 joined the room. (1)
[12:24:53] MeKLiN: !v 
[12:24:54] MeKLiN: !check 
[12:25:02] (0.1) Son_Goyku: Holdddd
[12:25:09] (0.1) kjasfdjhasjkhf: i should get me a nice bike
[12:25:20] (0.1) Son_Goyku: I get my tires plug by some Mexicans, they do some top nutch plugging
[12:25:20] (0.1) MeKLiN: i just fixed the tinychat bot
[12:25:22] (0.1) kjasfdjhasjkhf: only male in my family without a motorcycle
[12:25:27] (0.1) kjasfdjhasjkhf: it's not right
[12:25:34] (0.1) MeKLiN: pinylib.py was broke
[12:25:37] Son_Goyku:290287 stopped broadcasting.
[12:25:55] (0.1) kjasfdjhasjkhf: all my brothers have harleys now
[12:25:57] Fz1guy:290505 stopped broadcasting.
[12:25:59] MeKLiN: !tokes 
[12:26:03] MeKLiN: !tokes 1
[12:26:04] (0.1) kjasfdjhasjkhf: can't even count all the dirtbikes
[12:26:15] (0.1) kjasfdjhasjkhf: & my god we've got like 500 guns
[12:26:33] [User] contentsafari:290558 joined the room. (1)
[12:26:35] (0.1) Fz1guy: Lol hamel nice
[12:26:38] (0.1) Fz1guy: My first time
[12:26:49] [User] contentsafari:290572 joined the room. (2)
[12:27:07] (0.1) contentsafari: Where's that fucking retard holden
[12:27:08] (0.1) kjasfdjhasjkhf: im such a hairy guinea kike
[12:27:33] (0.1) contentsafari: Holden can't keep chat in chat so I'm going to beat his ass irl
[12:27:33] (0.1) kjasfdjhasjkhf: oh god don't summon more californians
[12:27:38] (0.1) contentsafari: Let him know
[12:28:05] (0.1) kjasfdjhasjkhf: lmao
[12:28:25] (0.1) kjasfdjhasjkhf: indians write code like mexicans hang dry wall
[12:28:30] (0.1) kjasfdjhasjkhf: chinks are even worse
